c:\users\administrator\source\repos\autoinputtool\autoinputtool\x64\debug\autoinputtool.pch
c:\users\administrator\source\repos\autoinputtool\autoinputtool\x64\debug\vc141.pdb
c:\users\administrator\source\repos\autoinputtool\autoinputtool\x64\debug\vc141.idb
c:\users\administrator\source\repos\autoinputtool\autoinputtool\x64\debug\pch.obj
c:\users\administrator\source\repos\autoinputtool\autoinputtool\x64\debug\autoinputtooldlg.obj
c:\users\administrator\source\repos\autoinputtool\autoinputtool\x64\debug\autoinputtool.obj
c:\users\administrator\source\repos\autoinputtool\autoinputtool\x64\debug\dlgproxy.obj
c:\users\administrator\source\repos\autoinputtool\autoinputtool\x64\debug\clistboxfiledrop.obj
c:\users\administrator\source\repos\autoinputtool\autoinputtool\x64\debug\cexcel.obj
c:\users\administrator\source\repos\autoinputtool\x64\debug\autoinputtool.exe
c:\users\administrator\source\repos\autoinputtool\x64\debug\autoinputtool.ilk
c:\users\administrator\source\repos\autoinputtool\x64\debug\autoinputtool.pdb
c:\users\administrator\source\repos\autoinputtool\autoinputtool\x64\debug\autoinputtool.tlb
c:\users\administrator\source\repos\autoinputtool\autoinputtool\autoinputtool_i.c
c:\users\administrator\source\repos\autoinputtool\autoinputtool\autoinputtool_h.h
c:\users\administrator\source\repos\autoinputtool\autoinputtool\x64\debug\autoinputtool.res
c:\users\administrator\source\repos\autoinputtool\autoinputtool\x64\debug\autoinputtool.tlog\cl.command.1.tlog
c:\users\administrator\source\repos\autoinputtool\autoinputtool\x64\debug\autoinputtool.tlog\cl.read.1.tlog
c:\users\administrator\source\repos\autoinputtool\autoinputtool\x64\debug\autoinputtool.tlog\cl.write.1.tlog
c:\users\administrator\source\repos\autoinputtool\autoinputtool\x64\debug\autoinputtool.tlog\link.command.1.tlog
c:\users\administrator\source\repos\autoinputtool\autoinputtool\x64\debug\autoinputtool.tlog\link.read.1.tlog
c:\users\administrator\source\repos\autoinputtool\autoinputtool\x64\debug\autoinputtool.tlog\link.write.1.tlog
c:\users\administrator\source\repos\autoinputtool\autoinputtool\x64\debug\autoinputtool.tlog\midl.command.1.tlog
c:\users\administrator\source\repos\autoinputtool\autoinputtool\x64\debug\autoinputtool.tlog\midl.read.1.tlog
c:\users\administrator\source\repos\autoinputtool\autoinputtool\x64\debug\autoinputtool.tlog\midl.write.1.tlog
c:\users\administrator\source\repos\autoinputtool\autoinputtool\x64\debug\autoinputtool.tlog\rc.command.1.tlog
c:\users\administrator\source\repos\autoinputtool\autoinputtool\x64\debug\autoinputtool.tlog\rc.read.1.tlog
c:\users\administrator\source\repos\autoinputtool\autoinputtool\x64\debug\autoinputtool.tlog\rc.write.1.tlog
