c:\users\administrator\source\repos\autoinputtool\x64\release\autoinputtool.ipdb
c:\users\administrator\source\repos\autoinputtool\x64\release\autoinputtool.iobj
c:\users\administrator\source\repos\autoinputtool\autoinputtool\x64\release\autoinputtool.pch
c:\users\administrator\source\repos\autoinputtool\autoinputtool\x64\release\vc141.pdb
c:\users\administrator\source\repos\autoinputtool\autoinputtool\x64\release\pch.obj
c:\users\administrator\source\repos\autoinputtool\autoinputtool\x64\release\dlgproxy.obj
c:\users\administrator\source\repos\autoinputtool\autoinputtool\x64\release\clistboxfiledrop.obj
c:\users\administrator\source\repos\autoinputtool\autoinputtool\x64\release\cexcel.obj
c:\users\administrator\source\repos\autoinputtool\autoinputtool\x64\release\autoinputtooldlg.obj
c:\users\administrator\source\repos\autoinputtool\autoinputtool\x64\release\autoinputtool.obj
c:\users\administrator\source\repos\autoinputtool\x64\release\autoinputtool.exe
c:\users\administrator\source\repos\autoinputtool\x64\release\autoinputtool.pdb
c:\users\administrator\source\repos\autoinputtool\autoinputtool\x64\release\autoinputtool.tlb
c:\users\administrator\source\repos\autoinputtool\autoinputtool\autoinputtool_i.c
c:\users\administrator\source\repos\autoinputtool\autoinputtool\autoinputtool_h.h
c:\users\administrator\source\repos\autoinputtool\autoinputtool\x64\release\autoinputtool.res
c:\users\administrator\source\repos\autoinputtool\autoinputtool\x64\release\autoinputtool.tlog\autoinputtool.write.1u.tlog
c:\users\administrator\source\repos\autoinputtool\autoinputtool\x64\release\autoinputtool.tlog\cl.command.1.tlog
c:\users\administrator\source\repos\autoinputtool\autoinputtool\x64\release\autoinputtool.tlog\cl.read.1.tlog
c:\users\administrator\source\repos\autoinputtool\autoinputtool\x64\release\autoinputtool.tlog\cl.write.1.tlog
c:\users\administrator\source\repos\autoinputtool\autoinputtool\x64\release\autoinputtool.tlog\link.command.1.tlog
c:\users\administrator\source\repos\autoinputtool\autoinputtool\x64\release\autoinputtool.tlog\link.read.1.tlog
c:\users\administrator\source\repos\autoinputtool\autoinputtool\x64\release\autoinputtool.tlog\link.write.1.tlog
c:\users\administrator\source\repos\autoinputtool\autoinputtool\x64\release\autoinputtool.tlog\midl.command.1.tlog
c:\users\administrator\source\repos\autoinputtool\autoinputtool\x64\release\autoinputtool.tlog\midl.read.1.tlog
c:\users\administrator\source\repos\autoinputtool\autoinputtool\x64\release\autoinputtool.tlog\midl.write.1.tlog
c:\users\administrator\source\repos\autoinputtool\autoinputtool\x64\release\autoinputtool.tlog\rc.command.1.tlog
c:\users\administrator\source\repos\autoinputtool\autoinputtool\x64\release\autoinputtool.tlog\rc.read.1.tlog
c:\users\administrator\source\repos\autoinputtool\autoinputtool\x64\release\autoinputtool.tlog\rc.write.1.tlog
