  64 bit Processing .\autoInputTool.idl
  autoInputTool.idl
  64 bit Processing C:\Program Files (x86)\Windows Kits\10\Include\10.0.19041.0\um\oaidl.idl
  oaidl.idl
  64 bit Processing C:\Program Files (x86)\Windows Kits\10\Include\10.0.19041.0\um\objidl.idl
  objidl.idl
  64 bit Processing C:\Program Files (x86)\Windows Kits\10\Include\10.0.19041.0\um\unknwn.idl
  unknwn.idl
  64 bit Processing C:\Program Files (x86)\Windows Kits\10\Include\10.0.19041.0\shared\wtypes.idl
  wtypes.idl
  64 bit Processing C:\Program Files (x86)\Windows Kits\10\Include\10.0.19041.0\shared\wtypesbase.idl
  wtypesbase.idl
  64 bit Processing C:\Program Files (x86)\Windows Kits\10\Include\10.0.19041.0\shared\basetsd.h
  basetsd.h
  64 bit Processing C:\Program Files (x86)\Windows Kits\10\Include\10.0.19041.0\shared\guiddef.h
  guiddef.h
  64 bit Processing C:\Program Files (x86)\Windows Kits\10\Include\10.0.19041.0\um\oaidl.acf
  oaidl.acf
  pch.cpp
  autoInputTool.cpp
  autoInputToolDlg.cpp
  CExcel.cpp
  CListBoxFileDrop.cpp
  DlgProxy.cpp
  코드를 생성하고 있습니다.
  888 of 897 functions (99.0%) were compiled, the rest were copied from previous compilation.
    89 functions were new in current compilation
    0 functions had inline decision re-evaluated but remain unchanged
  코드를 생성했습니다.
  autoInputTool.vcxproj -> D:\스킬업 프로젝트\22년 스킬업 프로젝트\코드\autoInputTool\x64\Release\autoInputTool.exe
